<?xml version="1.0" encoding="UTF-8"?>
<!-- Generated by org.testng.reporters.JUnitReportReporter -->
<testsuite hostname="DESKTOP-LNEMVF5" failures="0" tests="2" name="com.day10.task4" time="11.331" errors="0" timestamp="2023-05-04T21:44:01 IST" skipped="0">
  <testcase classname="com.day10.task4" name="Test1" time="10.505"/>
  <system-out/>
  <testcase classname="com.day10.task4" name="Test2" time="0.826"/>
  <system-out/>
</testsuite> <!-- com.day10.task4 -->
