<?xml version="1.0" encoding="UTF-8"?>
<!-- Generated by org.testng.reporters.JUnitReportReporter -->
<testsuite hostname="DESKTOP-LNEMVF5" failures="0" tests="2" name="com.day10.task5" time="11.187" errors="0" timestamp="2023-05-04T21:47:40 IST" skipped="0">
  <testcase classname="com.day10.task5" name="Test2" time="1.487"/>
  <system-out/>
  <testcase classname="com.day10.task5" name="Test1" time="9.700"/>
  <system-out/>
</testsuite> <!-- com.day10.task5 -->
