<?xml version="1.0" encoding="UTF-8"?>
<!-- Generated by org.testng.reporters.JUnitReportReporter -->
<testsuite hostname="DESKTOP-LNEMVF5" failures="0" tests="1" name="com.day10.task2" time="12.392" errors="0" timestamp="2023-05-04T21:34:11 IST" skipped="0">
  <testcase classname="com.day10.task2" name="Test2" time="12.392"/>
  <system-out/>
</testsuite> <!-- com.day10.task2 -->
